<?xml version="1.0" encoding="UTF-8"?>
<!-- Generated by org.testng.reporters.JUnitReportReporter -->
<testsuite hostname="W305100K0YLHW" name="com.steerlean.fizzbuzz.NumberProcessorTest" tests="1" failures="0" timestamp="19 Dec 2017 06:33:09 GMT" time="0.032" errors="0">
  <testcase name="testProcessRange" time="0.032" classname="com.steerlean.fizzbuzz.NumberProcessorTest"/>
</testsuite> <!-- com.steerlean.fizzbuzz.NumberProcessorTest -->
