<?xml version="1.0" encoding="UTF-8"?>
<!-- Generated by org.testng.reporters.JUnitReportReporter -->
<testsuite skipped="0" hostname="W305100K0YLHW" name="com.steerlean.fizzbuzz.RuleFactoryTest" tests="1" failures="0" timestamp="19 Dec 2017 05:46:57 GMT" time="0.020" errors="0">
  <testcase name="testCreateDivisibilityRule" time="0.020" classname="com.steerlean.fizzbuzz.RuleFactoryTest"/>
</testsuite> <!-- com.steerlean.fizzbuzz.RuleFactoryTest -->
