<?xml version="1.0" encoding="UTF-8"?>
<!-- Generated by org.testng.reporters.JUnitReportReporter -->
<testsuite hostname="W305100K0YLHW" name="com.steerlean.fizzbuzz.RuleConfigeratorTest" tests="1" failures="0" timestamp="19 Dec 2017 05:55:33 GMT" time="0.062" errors="0">
  <testcase name="testRuleConfigerator" time="0.062" classname="com.steerlean.fizzbuzz.RuleConfigeratorTest"/>
</testsuite> <!-- com.steerlean.fizzbuzz.RuleConfigeratorTest -->
