<?xml version="1.0" encoding="UTF-8"?>
<!-- Generated by org.testng.reporters.JUnitReportReporter -->
<testsuite skipped="0" hostname="W305100K0YLHW" name="com.steerlean.fizzbuzz.DivisibilityRuleTest" tests="3" failures="0" timestamp="19 Dec 2017 05:46:49 GMT" time="0.016" errors="0">
  <testcase name="testIfNumberDivisible" time="0.016" classname="com.steerlean.fizzbuzz.DivisibilityRuleTest"/>
  <testcase name="testIfNumberDivisibleZero" time="0.000" classname="com.steerlean.fizzbuzz.DivisibilityRuleTest"/>
  <testcase name="testIfNumberIsNotDivisible" time="0.000" classname="com.steerlean.fizzbuzz.DivisibilityRuleTest"/>
</testsuite> <!-- com.steerlean.fizzbuzz.DivisibilityRuleTest -->
