<?xml version="1.0" encoding="UTF-8"?>
<!-- Generated by org.testng.reporters.JUnitReportReporter -->
<testsuite skipped="0" hostname="W305100K0YLHW" name="com.steerlean.fizzbuzz.MyTest" tests="1" failures="0" timestamp="18 Dec 2017 11:48:08 GMT" time="0.000" errors="0">
  <testcase name="f" time="0.000" classname="com.steerlean.fizzbuzz.MyTest"/>
</testsuite> <!-- com.steerlean.fizzbuzz.MyTest -->
