<?xml version="1.0" encoding="UTF-8"?>
<!-- Generated by org.testng.reporters.JUnitReportReporter -->
<testsuite hostname="W305100K0YLHW" name="com.steerlean.fizzbuzz.RuleFactoryTest" tests="1" failures="0" timestamp="19 Dec 2017 05:54:00 GMT" time="0.000" errors="0">
  <testcase name="testCreateDivisibilityRule" time="0.000" classname="com.steerlean.fizzbuzz.RuleFactoryTest"/>
</testsuite> <!-- com.steerlean.fizzbuzz.RuleFactoryTest -->
